app/build/intermediates/manifest_merge_blame_file/debug/processDebugMainManifest/manifest-merger-blame-debug-report.txt
1<?xml version="1.0" encoding="utf-8"?>
2<manifest xmlns:android="http://schemas.android.com/apk/res/android"
3    package="com.example.orderapp"
4    android:versionCode="1"
5    android:versionName="1.0" >
6
7    <uses-sdk
8        android:minSdkVersion="31"
9        android:targetSdkVersion="34" />
10
11    <uses-permission android:name="android.permission.INTERNET" />
11-->src/main/AndroidManifest.xml:5:5-67
11-->src/main/AndroidManifest.xml:5:22-64
12    <uses-permission android:name="android.permission.CAMERA" />
12-->src/main/AndroidManifest.xml:6:5-65
12-->src/main/AndroidManifest.xml:6:22-62
13
14    <uses-feature
14-->src/main/AndroidManifest.xml:7:5-8:36
15        android:name="android.hardware.camera"
15-->src/main/AndroidManifest.xml:7:19-57
16        android:required="false" />
16-->src/main/AndroidManifest.xml:8:9-33
17
18    <permission
18-->[androidx.core:core:1.17.0] AndroidManifest.xml:22:5-24:47
19        android:name="com.example.orderapp.DYNAMIC_RECEIVER_NOT_EXPORTED_PERMISSION"
19-->[androidx.core:core:1.17.0] AndroidManifest.xml:23:9-81
20        android:protectionLevel="signature" />
20-->[androidx.core:core:1.17.0] AndroidManifest.xml:24:9-44
21
22    <uses-permission android:name="com.example.orderapp.DYNAMIC_RECEIVER_NOT_EXPORTED_PERMISSION" /> <!-- Although the *SdkVersion is captured in gradle build files, this is required for non gradle builds -->
22-->[androidx.core:core:1.17.0] AndroidManifest.xml:26:5-97
22-->[androidx.core:core:1.17.0] AndroidManifest.xml:26:22-94
23    <!-- <uses-sdk android:minSdkVersion="14"/> -->
24    <uses-permission android:name="android.permission.ACCESS_NETWORK_STATE" />
24-->[com.google.android.datatransport:transport-backend-cct:2.3.3] AndroidManifest.xml:25:5-79
24-->[com.google.android.datatransport:transport-backend-cct:2.3.3] AndroidManifest.xml:25:22-76
25
26    <application
26-->src/main/AndroidManifest.xml:10:5-32:19
27        android:allowBackup="true"
27-->src/main/AndroidManifest.xml:11:9-35
28        android:appComponentFactory="androidx.core.app.CoreComponentFactory"
28-->[androidx.core:core:1.17.0] AndroidManifest.xml:28:18-86
29        android:dataExtractionRules="@xml/data_extraction_rules"
29-->src/main/AndroidManifest.xml:12:9-65
30        android:debuggable="true"
31        android:extractNativeLibs="false"
32        android:fullBackupContent="@xml/backup_rules"
32-->src/main/AndroidManifest.xml:13:9-54
33        android:icon="@mipmap/ic_launcher"
33-->src/main/AndroidManifest.xml:14:9-43
34        android:label="@string/app_name"
34-->src/main/AndroidManifest.xml:15:9-41
35        android:networkSecurityConfig="@xml/network_security_config"
35-->src/main/AndroidManifest.xml:19:9-69
36        android:roundIcon="@mipmap/ic_launcher"
36-->src/main/AndroidManifest.xml:16:9-48
37        android:supportsRtl="true"
37-->src/main/AndroidManifest.xml:17:9-35
38        android:testOnly="true"
39        android:theme="@style/Theme.OrderApp" >
39-->src/main/AndroidManifest.xml:18:9-46
40        <activity
40-->src/main/AndroidManifest.xml:21:9-29:20
41            android:name="com.example.orderapp.LoginActivity"
41-->src/main/AndroidManifest.xml:22:13-43
42            android:exported="true"
42-->src/main/AndroidManifest.xml:23:13-36
43            android:theme="@style/Theme.OrderApp" >
43-->src/main/AndroidManifest.xml:24:13-50
44            <intent-filter>
44-->src/main/AndroidManifest.xml:25:13-28:29
45                <action android:name="android.intent.action.MAIN" />
45-->src/main/AndroidManifest.xml:26:17-69
45-->src/main/AndroidManifest.xml:26:25-66
46
47                <category android:name="android.intent.category.LAUNCHER" />
47-->src/main/AndroidManifest.xml:27:17-77
47-->src/main/AndroidManifest.xml:27:27-74
48            </intent-filter>
49        </activity>
50        <activity android:name="com.example.orderapp.OrdersListActivity" />
50-->src/main/AndroidManifest.xml:30:9-56
50-->src/main/AndroidManifest.xml:30:19-53
51        <activity android:name="com.example.orderapp.OrderDetailsActivity" />
51-->src/main/AndroidManifest.xml:31:9-58
51-->src/main/AndroidManifest.xml:31:19-55
52
53        <service
53-->[com.google.android.gms:play-services-mlkit-barcode-scanning:18.3.1] AndroidManifest.xml:9:9-15:19
54            android:name="com.google.mlkit.common.internal.MlKitComponentDiscoveryService"
54-->[com.google.android.gms:play-services-mlkit-barcode-scanning:18.3.1] AndroidManifest.xml:10:13-91
55            android:directBootAware="true"
55-->[com.google.mlkit:common:18.11.0] AndroidManifest.xml:17:13-43
56            android:exported="false" >
56-->[com.google.android.gms:play-services-mlkit-barcode-scanning:18.3.1] AndroidManifest.xml:11:13-37
57            <meta-data
57-->[com.google.android.gms:play-services-mlkit-barcode-scanning:18.3.1] AndroidManifest.xml:12:13-14:85
58                android:name="com.google.firebase.components:com.google.mlkit.vision.barcode.internal.BarcodeRegistrar"
58-->[com.google.android.gms:play-services-mlkit-barcode-scanning:18.3.1] AndroidManifest.xml:13:17-120
59                android:value="com.google.firebase.components.ComponentRegistrar" />
59-->[com.google.android.gms:play-services-mlkit-barcode-scanning:18.3.1] AndroidManifest.xml:14:17-82
60            <meta-data
60-->[com.google.mlkit:vision-common:17.3.0] AndroidManifest.xml:12:13-14:85
61                android:name="com.google.firebase.components:com.google.mlkit.vision.common.internal.VisionCommonRegistrar"
61-->[com.google.mlkit:vision-common:17.3.0] AndroidManifest.xml:13:17-124
62                android:value="com.google.firebase.components.ComponentRegistrar" />
62-->[com.google.mlkit:vision-common:17.3.0] AndroidManifest.xml:14:17-82
63            <meta-data
63-->[com.google.mlkit:common:18.11.0] AndroidManifest.xml:20:13-22:85
64                android:name="com.google.firebase.components:com.google.mlkit.common.internal.CommonComponentRegistrar"
64-->[com.google.mlkit:common:18.11.0] AndroidManifest.xml:21:17-120
65                android:value="com.google.firebase.components.ComponentRegistrar" />
65-->[com.google.mlkit:common:18.11.0] AndroidManifest.xml:22:17-82
66        </service>
67
68        <provider
68-->[com.google.mlkit:common:18.11.0] AndroidManifest.xml:9:9-13:38
69            android:name="com.google.mlkit.common.internal.MlKitInitProvider"
69-->[com.google.mlkit:common:18.11.0] AndroidManifest.xml:10:13-78
70            android:authorities="com.example.orderapp.mlkitinitprovider"
70-->[com.google.mlkit:common:18.11.0] AndroidManifest.xml:11:13-69
71            android:exported="false"
71-->[com.google.mlkit:common:18.11.0] AndroidManifest.xml:12:13-37
72            android:initOrder="99" />
72-->[com.google.mlkit:common:18.11.0] AndroidManifest.xml:13:13-35
73
74        <activity
74-->[com.google.android.gms:play-services-base:18.5.0] AndroidManifest.xml:5:9-173
75            android:name="com.google.android.gms.common.api.GoogleApiActivity"
75-->[com.google.android.gms:play-services-base:18.5.0] AndroidManifest.xml:5:19-85
76            android:exported="false"
76-->[com.google.android.gms:play-services-base:18.5.0] AndroidManifest.xml:5:146-170
77            android:theme="@android:style/Theme.Translucent.NoTitleBar" />
77-->[com.google.android.gms:play-services-base:18.5.0] AndroidManifest.xml:5:86-145
78
79        <meta-data
79-->[com.google.android.gms:play-services-basement:18.4.0] AndroidManifest.xml:6:9-122
80            android:name="com.google.android.gms.version"
80-->[com.google.android.gms:play-services-basement:18.4.0] AndroidManifest.xml:6:20-65
81            android:value="@integer/google_play_services_version" />
81-->[com.google.android.gms:play-services-basement:18.4.0] AndroidManifest.xml:6:66-119
82
83        <activity
83-->[androidx.compose.ui:ui-tooling-android:1.9.2] AndroidManifest.xml:23:9-25:39
84            android:name="androidx.compose.ui.tooling.PreviewActivity"
84-->[androidx.compose.ui:ui-tooling-android:1.9.2] AndroidManifest.xml:24:13-71
85            android:exported="true" />
85-->[androidx.compose.ui:ui-tooling-android:1.9.2] AndroidManifest.xml:25:13-36
86
87        <uses-library
87-->[androidx.window:window:1.0.0] AndroidManifest.xml:25:9-27:40
88            android:name="androidx.window.extensions"
88-->[androidx.window:window:1.0.0] AndroidManifest.xml:26:13-54
89            android:required="false" />
89-->[androidx.window:window:1.0.0] AndroidManifest.xml:27:13-37
90        <uses-library
90-->[androidx.window:window:1.0.0] AndroidManifest.xml:28:9-30:40
91            android:name="androidx.window.sidecar"
91-->[androidx.window:window:1.0.0] AndroidManifest.xml:29:13-51
92            android:required="false" />
92-->[androidx.window:window:1.0.0] AndroidManifest.xml:30:13-37
93
94        <provider
94-->[androidx.emoji2:emoji2:1.4.0] AndroidManifest.xml:24:9-32:20
95            android:name="androidx.startup.InitializationProvider"
95-->[androidx.emoji2:emoji2:1.4.0] AndroidManifest.xml:25:13-67
96            android:authorities="com.example.orderapp.androidx-startup"
96-->[androidx.emoji2:emoji2:1.4.0] AndroidManifest.xml:26:13-68
97            android:exported="false" >
97-->[androidx.emoji2:emoji2:1.4.0] AndroidManifest.xml:27:13-37
98            <meta-data
98-->[androidx.emoji2:emoji2:1.4.0] AndroidManifest.xml:29:13-31:52
99                android:name="androidx.emoji2.text.EmojiCompatInitializer"
99-->[androidx.emoji2:emoji2:1.4.0] AndroidManifest.xml:30:17-75
100                android:value="androidx.startup" />
100-->[androidx.emoji2:emoji2:1.4.0] AndroidManifest.xml:31:17-49
101            <meta-data
101-->[androidx.lifecycle:lifecycle-process:2.9.4] AndroidManifest.xml:29:13-31:52
102                android:name="androidx.lifecycle.ProcessLifecycleInitializer"
102-->[androidx.lifecycle:lifecycle-process:2.9.4] AndroidManifest.xml:30:17-78
103                android:value="androidx.startup" />
103-->[androidx.lifecycle:lifecycle-process:2.9.4] AndroidManifest.xml:31:17-49
104            <meta-data
104-->[com.squareup.okhttp3:okhttp-android:5.1.0] AndroidManifest.xml:16:13-18:52
105                android:name="okhttp3.internal.platform.PlatformInitializer"
105-->[com.squareup.okhttp3:okhttp-android:5.1.0] AndroidManifest.xml:17:17-77
106                android:value="androidx.startup" />
106-->[com.squareup.okhttp3:okhttp-android:5.1.0] AndroidManifest.xml:18:17-49
107            <meta-data
107-->[androidx.profileinstaller:profileinstaller:1.4.0] AndroidManifest.xml:29:13-31:52
108                android:name="androidx.profileinstaller.ProfileInstallerInitializer"
108-->[androidx.profileinstaller:profileinstaller:1.4.0] AndroidManifest.xml:30:17-85
109                android:value="androidx.startup" />
109-->[androidx.profileinstaller:profileinstaller:1.4.0] AndroidManifest.xml:31:17-49
110        </provider>
111
112        <receiver
112-->[androidx.profileinstaller:profileinstaller:1.4.0] AndroidManifest.xml:34:9-52:20
113            android:name="androidx.profileinstaller.ProfileInstallReceiver"
113-->[androidx.profileinstaller:profileinstaller:1.4.0] AndroidManifest.xml:35:13-76
114            android:directBootAware="false"
114-->[androidx.profileinstaller:profileinstaller:1.4.0] AndroidManifest.xml:36:13-44
115            android:enabled="true"
115-->[androidx.profileinstaller:profileinstaller:1.4.0] AndroidManifest.xml:37:13-35
116            android:exported="true"
116-->[androidx.profileinstaller:profileinstaller:1.4.0] AndroidManifest.xml:38:13-36
117            android:permission="android.permission.DUMP" >
117-->[androidx.profileinstaller:profileinstaller:1.4.0] AndroidManifest.xml:39:13-57
118            <intent-filter>
118-->[androidx.profileinstaller:profileinstaller:1.4.0] AndroidManifest.xml:40:13-42:29
119                <action android:name="androidx.profileinstaller.action.INSTALL_PROFILE" />
119-->[androidx.profileinstaller:profileinstaller:1.4.0] AndroidManifest.xml:41:17-91
119-->[androidx.profileinstaller:profileinstaller:1.4.0] AndroidManifest.xml:41:25-88
120            </intent-filter>
121            <intent-filter>
121-->[androidx.profileinstaller:profileinstaller:1.4.0] AndroidManifest.xml:43:13-45:29
122                <action android:name="androidx.profileinstaller.action.SKIP_FILE" />
122-->[androidx.profileinstaller:profileinstaller:1.4.0] AndroidManifest.xml:44:17-85
122-->[androidx.profileinstaller:profileinstaller:1.4.0] AndroidManifest.xml:44:25-82
123            </intent-filter>
124            <intent-filter>
124-->[androidx.profileinstaller:profileinstaller:1.4.0] AndroidManifest.xml:46:13-48:29
125                <action android:name="androidx.profileinstaller.action.SAVE_PROFILE" />
125-->[androidx.profileinstaller:profileinstaller:1.4.0] AndroidManifest.xml:47:17-88
125-->[androidx.profileinstaller:profileinstaller:1.4.0] AndroidManifest.xml:47:25-85
126            </intent-filter>
127            <intent-filter>
127-->[androidx.profileinstaller:profileinstaller:1.4.0] AndroidManifest.xml:49:13-51:29
128                <action android:name="androidx.profileinstaller.action.BENCHMARK_OPERATION" />
128-->[androidx.profileinstaller:profileinstaller:1.4.0] AndroidManifest.xml:50:17-95
128-->[androidx.profileinstaller:profileinstaller:1.4.0] AndroidManifest.xml:50:25-92
129            </intent-filter>
130        </receiver>
131
132        <service
132-->[com.google.android.datatransport:transport-backend-cct:2.3.3] AndroidManifest.xml:29:9-35:19
133            android:name="com.google.android.datatransport.runtime.backends.TransportBackendDiscovery"
133-->[com.google.android.datatransport:transport-backend-cct:2.3.3] AndroidManifest.xml:30:13-103
134            android:exported="false" >
134-->[com.google.android.datatransport:transport-backend-cct:2.3.3] AndroidManifest.xml:31:13-37
135            <meta-data
135-->[com.google.android.datatransport:transport-backend-cct:2.3.3] AndroidManifest.xml:32:13-34:39
136                android:name="backend:com.google.android.datatransport.cct.CctBackendFactory"
136-->[com.google.android.datatransport:transport-backend-cct:2.3.3] AndroidManifest.xml:33:17-94
137                android:value="cct" />
137-->[com.google.android.datatransport:transport-backend-cct:2.3.3] AndroidManifest.xml:34:17-36
138        </service>
139        <service
139-->[com.google.android.datatransport:transport-runtime:2.2.6] AndroidManifest.xml:26:9-30:19
140            android:name="com.google.android.datatransport.runtime.scheduling.jobscheduling.JobInfoSchedulerService"
140-->[com.google.android.datatransport:transport-runtime:2.2.6] AndroidManifest.xml:27:13-117
141            android:exported="false"
141-->[com.google.android.datatransport:transport-runtime:2.2.6] AndroidManifest.xml:28:13-37
142            android:permission="android.permission.BIND_JOB_SERVICE" >
142-->[com.google.android.datatransport:transport-runtime:2.2.6] AndroidManifest.xml:29:13-69
143        </service>
144
145        <receiver
145-->[com.google.android.datatransport:transport-runtime:2.2.6] AndroidManifest.xml:32:9-34:40
146            android:name="com.google.android.datatransport.runtime.scheduling.jobscheduling.AlarmManagerSchedulerBroadcastReceiver"
146-->[com.google.android.datatransport:transport-runtime:2.2.6] AndroidManifest.xml:33:13-132
147            android:exported="false" />
147-->[com.google.android.datatransport:transport-runtime:2.2.6] AndroidManifest.xml:34:13-37
148    </application>
149
150</manifest>